[03-Mar-2017 14:46:08 UTC] PHP Warning:  array_key_exists() expects parameter 2 to be array, boolean given in /home/ubuntu/workspace/wp-content/plugins/fusion-core/fusion-slider.php on line 240
[03-Mar-2017 14:46:08 UTC] PHP Stack trace:
[03-Mar-2017 14:46:08 UTC] PHP   1. {main}() /home/ubuntu/workspace/wp-admin/term.php:0
[03-Mar-2017 14:46:08 UTC] PHP   2. include() /home/ubuntu/workspace/wp-admin/term.php:67
[03-Mar-2017 14:46:08 UTC] PHP   3. do_action() /home/ubuntu/workspace/wp-admin/edit-tag-form.php:229
[03-Mar-2017 14:46:08 UTC] PHP   4. call_user_func_array:{/home/ubuntu/workspace/wp-includes/plugin.php:524}() /home/ubuntu/workspace/wp-includes/plugin.php:524
[03-Mar-2017 14:46:08 UTC] PHP   5. Fusion_Slider->slider_edit_meta_fields() /home/ubuntu/workspace/wp-includes/plugin.php:524
[03-Mar-2017 14:46:08 UTC] PHP   6. array_key_exists() /home/ubuntu/workspace/wp-content/plugins/fusion-core/fusion-slider.php:240
[03-Mar-2017 14:48:57 UTC] PHP Warning:  array_key_exists() expects parameter 2 to be array, boolean given in /home/ubuntu/workspace/wp-content/plugins/fusion-core/fusion-slider.php on line 240
[03-Mar-2017 14:48:57 UTC] PHP Stack trace:
[03-Mar-2017 14:48:57 UTC] PHP   1. {main}() /home/ubuntu/workspace/wp-admin/term.php:0
[03-Mar-2017 14:48:57 UTC] PHP   2. include() /home/ubuntu/workspace/wp-admin/term.php:67
[03-Mar-2017 14:48:57 UTC] PHP   3. do_action() /home/ubuntu/workspace/wp-admin/edit-tag-form.php:229
[03-Mar-2017 14:48:57 UTC] PHP   4. call_user_func_array:{/home/ubuntu/workspace/wp-includes/plugin.php:524}() /home/ubuntu/workspace/wp-includes/plugin.php:524
[03-Mar-2017 14:48:57 UTC] PHP   5. Fusion_Slider->slider_edit_meta_fields() /home/ubuntu/workspace/wp-includes/plugin.php:524
[03-Mar-2017 14:48:57 UTC] PHP   6. array_key_exists() /home/ubuntu/workspace/wp-content/plugins/fusion-core/fusion-slider.php:240
[03-Mar-2017 14:55:30 UTC] PHP Warning:  array_key_exists() expects parameter 2 to be array, boolean given in /home/ubuntu/workspace/wp-content/plugins/fusion-core/fusion-slider.php on line 240
[03-Mar-2017 14:55:30 UTC] PHP Stack trace:
[03-Mar-2017 14:55:30 UTC] PHP   1. {main}() /home/ubuntu/workspace/wp-admin/term.php:0
[03-Mar-2017 14:55:30 UTC] PHP   2. include() /home/ubuntu/workspace/wp-admin/term.php:67
[03-Mar-2017 14:55:30 UTC] PHP   3. do_action() /home/ubuntu/workspace/wp-admin/edit-tag-form.php:229
[03-Mar-2017 14:55:30 UTC] PHP   4. call_user_func_array:{/home/ubuntu/workspace/wp-includes/plugin.php:524}() /home/ubuntu/workspace/wp-includes/plugin.php:524
[03-Mar-2017 14:55:30 UTC] PHP   5. Fusion_Slider->slider_edit_meta_fields() /home/ubuntu/workspace/wp-includes/plugin.php:524
[03-Mar-2017 14:55:30 UTC] PHP   6. array_key_exists() /home/ubuntu/workspace/wp-content/plugins/fusion-core/fusion-slider.php:240
[03-Mar-2017 14:57:40 UTC] PHP Warning:  array_key_exists() expects parameter 2 to be array, boolean given in /home/ubuntu/workspace/wp-content/plugins/fusion-core/fusion-slider.php on line 240
[03-Mar-2017 14:57:40 UTC] PHP Stack trace:
[03-Mar-2017 14:57:40 UTC] PHP   1. {main}() /home/ubuntu/workspace/wp-admin/term.php:0
[03-Mar-2017 14:57:40 UTC] PHP   2. include() /home/ubuntu/workspace/wp-admin/term.php:67
[03-Mar-2017 14:57:40 UTC] PHP   3. do_action() /home/ubuntu/workspace/wp-admin/edit-tag-form.php:229
[03-Mar-2017 14:57:40 UTC] PHP   4. call_user_func_array:{/home/ubuntu/workspace/wp-includes/plugin.php:524}() /home/ubuntu/workspace/wp-includes/plugin.php:524
[03-Mar-2017 14:57:40 UTC] PHP   5. Fusion_Slider->slider_edit_meta_fields() /home/ubuntu/workspace/wp-includes/plugin.php:524
[03-Mar-2017 14:57:40 UTC] PHP   6. array_key_exists() /home/ubuntu/workspace/wp-content/plugins/fusion-core/fusion-slider.php:240
[03-Mar-2017 15:15:34 UTC] PHP Warning:  array_key_exists() expects parameter 2 to be array, boolean given in /home/ubuntu/workspace/wp-content/plugins/fusion-core/fusion-slider.php on line 240
[03-Mar-2017 15:15:34 UTC] PHP Stack trace:
[03-Mar-2017 15:15:34 UTC] PHP   1. {main}() /home/ubuntu/workspace/wp-admin/term.php:0
[03-Mar-2017 15:15:34 UTC] PHP   2. include() /home/ubuntu/workspace/wp-admin/term.php:67
[03-Mar-2017 15:15:34 UTC] PHP   3. do_action() /home/ubuntu/workspace/wp-admin/edit-tag-form.php:229
[03-Mar-2017 15:15:34 UTC] PHP   4. call_user_func_array:{/home/ubuntu/workspace/wp-includes/plugin.php:524}() /home/ubuntu/workspace/wp-includes/plugin.php:524
[03-Mar-2017 15:15:34 UTC] PHP   5. Fusion_Slider->slider_edit_meta_fields() /home/ubuntu/workspace/wp-includes/plugin.php:524
[03-Mar-2017 15:15:34 UTC] PHP   6. array_key_exists() /home/ubuntu/workspace/wp-content/plugins/fusion-core/fusion-slider.php:240
[03-Mar-2017 15:41:00 UTC] PHP Warning:  array_key_exists() expects parameter 2 to be array, boolean given in /home/ubuntu/workspace/wp-content/plugins/fusion-core/fusion-slider.php on line 240
[03-Mar-2017 15:41:00 UTC] PHP Stack trace:
[03-Mar-2017 15:41:00 UTC] PHP   1. {main}() /home/ubuntu/workspace/wp-admin/term.php:0
[03-Mar-2017 15:41:00 UTC] PHP   2. include() /home/ubuntu/workspace/wp-admin/term.php:67
[03-Mar-2017 15:41:00 UTC] PHP   3. do_action() /home/ubuntu/workspace/wp-admin/edit-tag-form.php:229
[03-Mar-2017 15:41:00 UTC] PHP   4. call_user_func_array:{/home/ubuntu/workspace/wp-includes/plugin.php:524}() /home/ubuntu/workspace/wp-includes/plugin.php:524
[03-Mar-2017 15:41:00 UTC] PHP   5. Fusion_Slider->slider_edit_meta_fields() /home/ubuntu/workspace/wp-includes/plugin.php:524
[03-Mar-2017 15:41:00 UTC] PHP   6. array_key_exists() /home/ubuntu/workspace/wp-content/plugins/fusion-core/fusion-slider.php:240
[03-Mar-2017 15:45:48 UTC] PHP Warning:  array_key_exists() expects parameter 2 to be array, boolean given in /home/ubuntu/workspace/wp-content/plugins/fusion-core/fusion-slider.php on line 240
[03-Mar-2017 15:45:48 UTC] PHP Stack trace:
[03-Mar-2017 15:45:48 UTC] PHP   1. {main}() /home/ubuntu/workspace/wp-admin/term.php:0
[03-Mar-2017 15:45:48 UTC] PHP   2. include() /home/ubuntu/workspace/wp-admin/term.php:67
[03-Mar-2017 15:45:48 UTC] PHP   3. do_action() /home/ubuntu/workspace/wp-admin/edit-tag-form.php:229
[03-Mar-2017 15:45:48 UTC] PHP   4. call_user_func_array:{/home/ubuntu/workspace/wp-includes/plugin.php:524}() /home/ubuntu/workspace/wp-includes/plugin.php:524
[03-Mar-2017 15:45:48 UTC] PHP   5. Fusion_Slider->slider_edit_meta_fields() /home/ubuntu/workspace/wp-includes/plugin.php:524
[03-Mar-2017 15:45:48 UTC] PHP   6. array_key_exists() /home/ubuntu/workspace/wp-content/plugins/fusion-core/fusion-slider.php:240
[03-Mar-2017 15:54:08 UTC] PHP Warning:  array_key_exists() expects parameter 2 to be array, boolean given in /home/ubuntu/workspace/wp-content/plugins/fusion-core/fusion-slider.php on line 240
[03-Mar-2017 15:54:08 UTC] PHP Stack trace:
[03-Mar-2017 15:54:08 UTC] PHP   1. {main}() /home/ubuntu/workspace/wp-admin/term.php:0
[03-Mar-2017 15:54:08 UTC] PHP   2. include() /home/ubuntu/workspace/wp-admin/term.php:67
[03-Mar-2017 15:54:08 UTC] PHP   3. do_action() /home/ubuntu/workspace/wp-admin/edit-tag-form.php:229
[03-Mar-2017 15:54:08 UTC] PHP   4. call_user_func_array:{/home/ubuntu/workspace/wp-includes/plugin.php:524}() /home/ubuntu/workspace/wp-includes/plugin.php:524
[03-Mar-2017 15:54:08 UTC] PHP   5. Fusion_Slider->slider_edit_meta_fields() /home/ubuntu/workspace/wp-includes/plugin.php:524
[03-Mar-2017 15:54:08 UTC] PHP   6. array_key_exists() /home/ubuntu/workspace/wp-content/plugins/fusion-core/fusion-slider.php:240
[07-Mar-2017 11:27:24 UTC] PHP Warning:  array_key_exists() expects parameter 2 to be array, boolean given in /home/ubuntu/workspace/wp-content/plugins/fusion-core/fusion-slider.php on line 240
[07-Mar-2017 11:27:24 UTC] PHP Stack trace:
[07-Mar-2017 11:27:24 UTC] PHP   1. {main}() /home/ubuntu/workspace/wp-admin/term.php:0
[07-Mar-2017 11:27:24 UTC] PHP   2. include() /home/ubuntu/workspace/wp-admin/term.php:67
[07-Mar-2017 11:27:24 UTC] PHP   3. do_action() /home/ubuntu/workspace/wp-admin/edit-tag-form.php:229
[07-Mar-2017 11:27:24 UTC] PHP   4. call_user_func_array:{/home/ubuntu/workspace/wp-includes/plugin.php:524}() /home/ubuntu/workspace/wp-includes/plugin.php:524
[07-Mar-2017 11:27:24 UTC] PHP   5. Fusion_Slider->slider_edit_meta_fields() /home/ubuntu/workspace/wp-includes/plugin.php:524
[07-Mar-2017 11:27:24 UTC] PHP   6. array_key_exists() /home/ubuntu/workspace/wp-content/plugins/fusion-core/fusion-slider.php:240
[08-May-2017 07:44:26 UTC] PHP Warning:  array_key_exists() expects parameter 2 to be array, boolean given in /home/ubuntu/workspace/wp-content/plugins/fusion-core/fusion-slider.php on line 240
[08-May-2017 07:44:26 UTC] PHP Stack trace:
[08-May-2017 07:44:26 UTC] PHP   1. {main}() /home/ubuntu/workspace/wp-admin/term.php:0
[08-May-2017 07:44:26 UTC] PHP   2. include() /home/ubuntu/workspace/wp-admin/term.php:67
[08-May-2017 07:44:26 UTC] PHP   3. do_action() /home/ubuntu/workspace/wp-admin/edit-tag-form.php:229
[08-May-2017 07:44:26 UTC] PHP   4. call_user_func_array:{/home/ubuntu/workspace/wp-includes/plugin.php:524}() /home/ubuntu/workspace/wp-includes/plugin.php:524
[08-May-2017 07:44:26 UTC] PHP   5. Fusion_Slider->slider_edit_meta_fields() /home/ubuntu/workspace/wp-includes/plugin.php:524
[08-May-2017 07:44:26 UTC] PHP   6. array_key_exists() /home/ubuntu/workspace/wp-content/plugins/fusion-core/fusion-slider.php:240
[10-May-2017 06:27:05 UTC] PHP Warning:  array_key_exists() expects parameter 2 to be array, boolean given in /home/ubuntu/workspace/wp-content/plugins/fusion-core/fusion-slider.php on line 240
[10-May-2017 06:27:05 UTC] PHP Stack trace:
[10-May-2017 06:27:05 UTC] PHP   1. {main}() /home/ubuntu/workspace/wp-admin/term.php:0
[10-May-2017 06:27:05 UTC] PHP   2. include() /home/ubuntu/workspace/wp-admin/term.php:67
[10-May-2017 06:27:05 UTC] PHP   3. do_action() /home/ubuntu/workspace/wp-admin/edit-tag-form.php:229
[10-May-2017 06:27:05 UTC] PHP   4. call_user_func_array:{/home/ubuntu/workspace/wp-includes/plugin.php:524}() /home/ubuntu/workspace/wp-includes/plugin.php:524
[10-May-2017 06:27:05 UTC] PHP   5. Fusion_Slider->slider_edit_meta_fields() /home/ubuntu/workspace/wp-includes/plugin.php:524
[10-May-2017 06:27:05 UTC] PHP   6. array_key_exists() /home/ubuntu/workspace/wp-content/plugins/fusion-core/fusion-slider.php:240
[10-May-2017 06:45:13 UTC] PHP Warning:  array_key_exists() expects parameter 2 to be array, boolean given in /home/ubuntu/workspace/wp-content/plugins/fusion-core/fusion-slider.php on line 240
[10-May-2017 06:45:13 UTC] PHP Stack trace:
[10-May-2017 06:45:13 UTC] PHP   1. {main}() /home/ubuntu/workspace/wp-admin/term.php:0
[10-May-2017 06:45:13 UTC] PHP   2. include() /home/ubuntu/workspace/wp-admin/term.php:67
[10-May-2017 06:45:13 UTC] PHP   3. do_action() /home/ubuntu/workspace/wp-admin/edit-tag-form.php:229
[10-May-2017 06:45:13 UTC] PHP   4. call_user_func_array:{/home/ubuntu/workspace/wp-includes/plugin.php:524}() /home/ubuntu/workspace/wp-includes/plugin.php:524
[10-May-2017 06:45:13 UTC] PHP   5. Fusion_Slider->slider_edit_meta_fields() /home/ubuntu/workspace/wp-includes/plugin.php:524
[10-May-2017 06:45:13 UTC] PHP   6. array_key_exists() /home/ubuntu/workspace/wp-content/plugins/fusion-core/fusion-slider.php:240
[10-May-2017 06:47:29 UTC] PHP Warning:  array_key_exists() expects parameter 2 to be array, boolean given in /home/ubuntu/workspace/wp-content/plugins/fusion-core/fusion-slider.php on line 240
[10-May-2017 06:47:29 UTC] PHP Stack trace:
[10-May-2017 06:47:29 UTC] PHP   1. {main}() /home/ubuntu/workspace/wp-admin/term.php:0
[10-May-2017 06:47:29 UTC] PHP   2. include() /home/ubuntu/workspace/wp-admin/term.php:67
[10-May-2017 06:47:29 UTC] PHP   3. do_action() /home/ubuntu/workspace/wp-admin/edit-tag-form.php:229
[10-May-2017 06:47:29 UTC] PHP   4. call_user_func_array:{/home/ubuntu/workspace/wp-includes/plugin.php:524}() /home/ubuntu/workspace/wp-includes/plugin.php:524
[10-May-2017 06:47:29 UTC] PHP   5. Fusion_Slider->slider_edit_meta_fields() /home/ubuntu/workspace/wp-includes/plugin.php:524
[10-May-2017 06:47:29 UTC] PHP   6. array_key_exists() /home/ubuntu/workspace/wp-content/plugins/fusion-core/fusion-slider.php:240
[10-May-2017 06:48:27 UTC] PHP Warning:  array_key_exists() expects parameter 2 to be array, boolean given in /home/ubuntu/workspace/wp-content/plugins/fusion-core/fusion-slider.php on line 240
[10-May-2017 06:48:27 UTC] PHP Stack trace:
[10-May-2017 06:48:27 UTC] PHP   1. {main}() /home/ubuntu/workspace/wp-admin/term.php:0
[10-May-2017 06:48:27 UTC] PHP   2. include() /home/ubuntu/workspace/wp-admin/term.php:67
[10-May-2017 06:48:27 UTC] PHP   3. do_action() /home/ubuntu/workspace/wp-admin/edit-tag-form.php:229
[10-May-2017 06:48:27 UTC] PHP   4. call_user_func_array:{/home/ubuntu/workspace/wp-includes/plugin.php:524}() /home/ubuntu/workspace/wp-includes/plugin.php:524
[10-May-2017 06:48:27 UTC] PHP   5. Fusion_Slider->slider_edit_meta_fields() /home/ubuntu/workspace/wp-includes/plugin.php:524
[10-May-2017 06:48:27 UTC] PHP   6. array_key_exists() /home/ubuntu/workspace/wp-content/plugins/fusion-core/fusion-slider.php:240
[10-May-2017 06:49:08 UTC] PHP Warning:  array_key_exists() expects parameter 2 to be array, boolean given in /home/ubuntu/workspace/wp-content/plugins/fusion-core/fusion-slider.php on line 240
[10-May-2017 06:49:08 UTC] PHP Stack trace:
[10-May-2017 06:49:08 UTC] PHP   1. {main}() /home/ubuntu/workspace/wp-admin/term.php:0
[10-May-2017 06:49:08 UTC] PHP   2. include() /home/ubuntu/workspace/wp-admin/term.php:67
[10-May-2017 06:49:08 UTC] PHP   3. do_action() /home/ubuntu/workspace/wp-admin/edit-tag-form.php:229
[10-May-2017 06:49:08 UTC] PHP   4. call_user_func_array:{/home/ubuntu/workspace/wp-includes/plugin.php:524}() /home/ubuntu/workspace/wp-includes/plugin.php:524
[10-May-2017 06:49:08 UTC] PHP   5. Fusion_Slider->slider_edit_meta_fields() /home/ubuntu/workspace/wp-includes/plugin.php:524
[10-May-2017 06:49:08 UTC] PHP   6. array_key_exists() /home/ubuntu/workspace/wp-content/plugins/fusion-core/fusion-slider.php:240
[10-May-2017 06:49:57 UTC] PHP Warning:  array_key_exists() expects parameter 2 to be array, boolean given in /home/ubuntu/workspace/wp-content/plugins/fusion-core/fusion-slider.php on line 240
[10-May-2017 06:49:57 UTC] PHP Stack trace:
[10-May-2017 06:49:57 UTC] PHP   1. {main}() /home/ubuntu/workspace/wp-admin/term.php:0
[10-May-2017 06:49:57 UTC] PHP   2. include() /home/ubuntu/workspace/wp-admin/term.php:67
[10-May-2017 06:49:57 UTC] PHP   3. do_action() /home/ubuntu/workspace/wp-admin/edit-tag-form.php:229
[10-May-2017 06:49:57 UTC] PHP   4. call_user_func_array:{/home/ubuntu/workspace/wp-includes/plugin.php:524}() /home/ubuntu/workspace/wp-includes/plugin.php:524
[10-May-2017 06:49:57 UTC] PHP   5. Fusion_Slider->slider_edit_meta_fields() /home/ubuntu/workspace/wp-includes/plugin.php:524
[10-May-2017 06:49:57 UTC] PHP   6. array_key_exists() /home/ubuntu/workspace/wp-content/plugins/fusion-core/fusion-slider.php:240
[11-May-2017 10:08:01 UTC] PHP Warning:  array_key_exists() expects parameter 2 to be array, boolean given in /home/ubuntu/workspace/wp-content/plugins/fusion-core/fusion-slider.php on line 240
[11-May-2017 10:08:01 UTC] PHP Stack trace:
[11-May-2017 10:08:01 UTC] PHP   1. {main}() /home/ubuntu/workspace/wp-admin/term.php:0
[11-May-2017 10:08:01 UTC] PHP   2. include() /home/ubuntu/workspace/wp-admin/term.php:67
[11-May-2017 10:08:01 UTC] PHP   3. do_action() /home/ubuntu/workspace/wp-admin/edit-tag-form.php:229
[11-May-2017 10:08:01 UTC] PHP   4. call_user_func_array:{/home/ubuntu/workspace/wp-includes/plugin.php:524}() /home/ubuntu/workspace/wp-includes/plugin.php:524
[11-May-2017 10:08:01 UTC] PHP   5. Fusion_Slider->slider_edit_meta_fields() /home/ubuntu/workspace/wp-includes/plugin.php:524
[11-May-2017 10:08:01 UTC] PHP   6. array_key_exists() /home/ubuntu/workspace/wp-content/plugins/fusion-core/fusion-slider.php:240
[11-May-2017 10:14:08 UTC] PHP Warning:  array_key_exists() expects parameter 2 to be array, boolean given in /home/ubuntu/workspace/wp-content/plugins/fusion-core/fusion-slider.php on line 240
[11-May-2017 10:14:08 UTC] PHP Stack trace:
[11-May-2017 10:14:08 UTC] PHP   1. {main}() /home/ubuntu/workspace/wp-admin/term.php:0
[11-May-2017 10:14:08 UTC] PHP   2. include() /home/ubuntu/workspace/wp-admin/term.php:67
[11-May-2017 10:14:08 UTC] PHP   3. do_action() /home/ubuntu/workspace/wp-admin/edit-tag-form.php:229
[11-May-2017 10:14:08 UTC] PHP   4. call_user_func_array:{/home/ubuntu/workspace/wp-includes/plugin.php:524}() /home/ubuntu/workspace/wp-includes/plugin.php:524
[11-May-2017 10:14:08 UTC] PHP   5. Fusion_Slider->slider_edit_meta_fields() /home/ubuntu/workspace/wp-includes/plugin.php:524
[11-May-2017 10:14:08 UTC] PHP   6. array_key_exists() /home/ubuntu/workspace/wp-content/plugins/fusion-core/fusion-slider.php:240
[11-May-2017 10:14:14 UTC] PHP Warning:  array_key_exists() expects parameter 2 to be array, boolean given in /home/ubuntu/workspace/wp-content/plugins/fusion-core/fusion-slider.php on line 240
[11-May-2017 10:14:14 UTC] PHP Stack trace:
[11-May-2017 10:14:14 UTC] PHP   1. {main}() /home/ubuntu/workspace/wp-admin/term.php:0
[11-May-2017 10:14:14 UTC] PHP   2. include() /home/ubuntu/workspace/wp-admin/term.php:67
[11-May-2017 10:14:14 UTC] PHP   3. do_action() /home/ubuntu/workspace/wp-admin/edit-tag-form.php:229
[11-May-2017 10:14:14 UTC] PHP   4. call_user_func_array:{/home/ubuntu/workspace/wp-includes/plugin.php:524}() /home/ubuntu/workspace/wp-includes/plugin.php:524
[11-May-2017 10:14:14 UTC] PHP   5. Fusion_Slider->slider_edit_meta_fields() /home/ubuntu/workspace/wp-includes/plugin.php:524
[11-May-2017 10:14:14 UTC] PHP   6. array_key_exists() /home/ubuntu/workspace/wp-content/plugins/fusion-core/fusion-slider.php:240
[12-May-2017 15:00:19 UTC] PHP Warning:  array_key_exists() expects parameter 2 to be array, boolean given in /home/ubuntu/workspace/wp-content/plugins/fusion-core/fusion-slider.php on line 240
[12-May-2017 15:00:19 UTC] PHP Stack trace:
[12-May-2017 15:00:19 UTC] PHP   1. {main}() /home/ubuntu/workspace/wp-admin/term.php:0
[12-May-2017 15:00:19 UTC] PHP   2. include() /home/ubuntu/workspace/wp-admin/term.php:67
[12-May-2017 15:00:19 UTC] PHP   3. do_action() /home/ubuntu/workspace/wp-admin/edit-tag-form.php:229
[12-May-2017 15:00:19 UTC] PHP   4. call_user_func_array:{/home/ubuntu/workspace/wp-includes/plugin.php:524}() /home/ubuntu/workspace/wp-includes/plugin.php:524
[12-May-2017 15:00:19 UTC] PHP   5. Fusion_Slider->slider_edit_meta_fields() /home/ubuntu/workspace/wp-includes/plugin.php:524
[12-May-2017 15:00:19 UTC] PHP   6. array_key_exists() /home/ubuntu/workspace/wp-content/plugins/fusion-core/fusion-slider.php:240
[12-May-2017 15:05:46 UTC] PHP Warning:  array_key_exists() expects parameter 2 to be array, boolean given in /home/ubuntu/workspace/wp-content/plugins/fusion-core/fusion-slider.php on line 240
[12-May-2017 15:05:46 UTC] PHP Stack trace:
[12-May-2017 15:05:46 UTC] PHP   1. {main}() /home/ubuntu/workspace/wp-admin/term.php:0
[12-May-2017 15:05:46 UTC] PHP   2. include() /home/ubuntu/workspace/wp-admin/term.php:67
[12-May-2017 15:05:46 UTC] PHP   3. do_action() /home/ubuntu/workspace/wp-admin/edit-tag-form.php:229
[12-May-2017 15:05:46 UTC] PHP   4. call_user_func_array:{/home/ubuntu/workspace/wp-includes/plugin.php:524}() /home/ubuntu/workspace/wp-includes/plugin.php:524
[12-May-2017 15:05:46 UTC] PHP   5. Fusion_Slider->slider_edit_meta_fields() /home/ubuntu/workspace/wp-includes/plugin.php:524
[12-May-2017 15:05:46 UTC] PHP   6. array_key_exists() /home/ubuntu/workspace/wp-content/plugins/fusion-core/fusion-slider.php:240
[12-May-2017 15:19:01 UTC] PHP Warning:  array_key_exists() expects parameter 2 to be array, boolean given in /home/ubuntu/workspace/wp-content/plugins/fusion-core/fusion-slider.php on line 240
[12-May-2017 15:19:01 UTC] PHP Stack trace:
[12-May-2017 15:19:01 UTC] PHP   1. {main}() /home/ubuntu/workspace/wp-admin/term.php:0
[12-May-2017 15:19:01 UTC] PHP   2. include() /home/ubuntu/workspace/wp-admin/term.php:67
[12-May-2017 15:19:01 UTC] PHP   3. do_action() /home/ubuntu/workspace/wp-admin/edit-tag-form.php:229
[12-May-2017 15:19:01 UTC] PHP   4. call_user_func_array:{/home/ubuntu/workspace/wp-includes/plugin.php:524}() /home/ubuntu/workspace/wp-includes/plugin.php:524
[12-May-2017 15:19:01 UTC] PHP   5. Fusion_Slider->slider_edit_meta_fields() /home/ubuntu/workspace/wp-includes/plugin.php:524
[12-May-2017 15:19:01 UTC] PHP   6. array_key_exists() /home/ubuntu/workspace/wp-content/plugins/fusion-core/fusion-slider.php:240
